<?xml version="1.0" encoding="UTF-8"?>
<testsuite xmlns:xsi="http://www.w3.org/2001/XMLSchema-instance" xsi:noNamespaceSchemaLocation="https://maven.apache.org/surefire/maven-surefire-plugin/xsd/surefire-test-report-3.0.xsd" version="3.0" name="projectone.demo.controller.ProductControllerTest" time="0.672" tests="3" errors="0" skipped="0" failures="0">
  <properties>
[...]
</properties>
  <testcase name="getMenuByCategory_ShouldReturnProductsOfCategory" classname="projectone.demo.controller.ProductControllerTest" time="0.197">
    <system-out><![CDATA[2024-05-02T17:18:13.682-05:00  INFO 24328 --- [projectone] [           main] t.c.s.AnnotationConfigContextLoaderUtils : Could not detect default configuration classes for test class [projectone.demo.controller.ProductControllerTest]: ProductControllerTest does not declare any static, non-private, non-final, nested classes annotated with @Configuration.
2024-05-02T17:18:13.694-05:00  INFO 24328 --- [projectone] [           main] .b.t.c.SpringBootTestContextBootstrapper : Found @SpringBootConfiguration projectone.demo.DemoApplication for test class projectone.demo.controller.ProductControllerTest
2024-05-02T17:18:13.701-05:00  INFO 24328 --- [projectone] [           main] o.s.b.d.r.RestartApplicationListener     : Restart disabled due to context in which it is running

  .   ____          _            __ _ _
 /\\ / ___'_ __ _ _(_)_ __  __ _ \ \ \ \
( ( )\___ | '_ | '_| | '_ \/ _` | \ \ \ \
 \\/  ___)| |_)| | | | | || (_| |  ) ) ) )
  '  |____| .__|_| |_|_| |_\__, | / / / /
 =========|_|==============|___/=/_/_/_/
 :: Spring Boot ::                (v3.2.4)

2024-05-02T17:18:13.730-05:00  INFO 24328 --- [projectone] [           main] p.demo.controller.ProductControllerTest  : Starting ProductControllerTest using Java 21.0.2 with PID 24328 (started by cobyk in C:\Users\cobyk\Documents\ComputerScience\CSCE331\Project3\project-3-full-stack-agile-web-900-3\demo)
2024-05-02T17:18:13.730-05:00  INFO 24328 --- [projectone] [           main] p.demo.controller.ProductControllerTest  : The following 1 profile is active: "local"
2024-05-02T17:18:14.020-05:00  INFO 24328 --- [projectone] [           main] o.s.b.a.w.s.WelcomePageHandlerMapping    : Adding welcome page template: index
2024-05-02T17:18:14.095-05:00  INFO 24328 --- [projectone] [           main] o.s.s.web.DefaultSecurityFilterChain     : Will secure any request with [org.springframework.security.web.session.DisableEncodeUrlFilter@539570b8, org.springframework.security.web.context.request.async.WebAsyncManagerIntegrationFilter@6a2d0a19, org.springframework.security.web.context.SecurityContextHolderFilter@525aadf2, org.springframework.security.web.header.HeaderWriterFilter@31b827a6, org.springframework.web.filter.CorsFilter@5702e6f3, org.springframework.security.web.csrf.CsrfFilter@7df1fc5a, org.springframework.security.web.authentication.logout.LogoutFilter@59fa5a39, org.springframework.security.oauth2.client.web.OAuth2AuthorizationRequestRedirectFilter@71ad1d0b, org.springframework.security.oauth2.client.web.OAuth2AuthorizationRequestRedirectFilter@5d8c03cc, org.springframework.security.oauth2.client.web.OAuth2LoginAuthenticationFilter@7a087132, org.springframework.security.web.authentication.ui.DefaultLoginPageGeneratingFilter@22495f2f, org.springframework.security.web.authentication.ui.DefaultLogoutPageGeneratingFilter@5687e92d, org.springframework.security.web.savedrequest.RequestCacheAwareFilter@203b98cf, org.springframework.security.web.servletapi.SecurityContextHolderAwareRequestFilter@52bcd7c9, org.springframework.security.web.authentication.AnonymousAuthenticationFilter@2eef43f5, org.springframework.security.oauth2.client.web.OAuth2AuthorizationCodeGrantFilter@4a4979bf, org.springframework.security.web.access.ExceptionTranslationFilter@5444c63f, org.springframework.security.web.access.intercept.AuthorizationFilter@7a8dbbf1]
2024-05-02T17:18:14.105-05:00  INFO 24328 --- [projectone] [           main] o.s.b.t.m.w.SpringBootMockServletContext : Initializing Spring TestDispatcherServlet ''
2024-05-02T17:18:14.105-05:00  INFO 24328 --- [projectone] [           main] o.s.t.web.servlet.TestDispatcherServlet  : Initializing Servlet ''
2024-05-02T17:18:14.106-05:00  INFO 24328 --- [projectone] [           main] o.s.t.web.servlet.TestDispatcherServlet  : Completed initialization in 1 ms
2024-05-02T17:18:14.112-05:00  INFO 24328 --- [projectone] [           main] p.demo.controller.ProductControllerTest  : Started ProductControllerTest in 0.412 seconds (process running for 10.359)
]]></system-out>
  </testcase>
  <testcase name="getMenuByCategory_ShouldReturnNotFoundForNonExistingCategory" classname="projectone.demo.controller.ProductControllerTest" time="0.019"/>
  <testcase name="listMenuItems_ShouldReturnAllProducts" classname="projectone.demo.controller.ProductControllerTest" time="0.017"/>
</testsuite>